[38;5;112m[Appium][0m Welcome to Appium v2.13.1 (REV 3001afe88112c13b5aafdd92e097680897060881)
[38;5;112m[Appium][0m Non-default server args:
[38;5;112m[Appium][0m { basePath: [32m'/wd/hub'[39m, loglevel: [32m'info'[39m, port: [33m51529[39m }
[38;5;112m[Appium][0m Attempting to load driver xcuitest...
[38;5;112m[Appium][0m Appium REST http interface listener started on http://0.0.0.0:51529/wd/hub
[38;5;112m[Appium][0m You can provide the following URLs in your client code to connect to this server:
	http://127.0.0.1:51529/wd/hub (only accessible from the same host)
	http://169.254.223.46:51529/wd/hub
[38;5;112m[Appium][0m Available drivers:
[38;5;112m[Appium][0m   - xcuitest@7.35.0 (automationName 'XCUITest')
[38;5;112m[Appium][0m No plugins have been installed. Use the "appium plugin" command to install the one(s) you want to use.
[38;5;86m[HTTP][0m [37m-->[39m [37mGET[39m [37m/wd/hub/status[39m {}
[38;5;86m[HTTP][0m <-- GET /wd/hub/status 200 4 ms - 200 
[38;5;86m[HTTP][0m [37m-->[39m [37mGET[39m [37m/wd/hub/status[39m {}
[38;5;86m[HTTP][0m <-- GET /wd/hub/status 200 1 ms - 200 
[38;5;86m[HTTP][0m [37m-->[39m [37mPOST[39m [37m/wd/hub/session[39m {"capabilities":{"firstMatch":[{"appium:appium:bundled":"my.com.etiqa.ease.dev","appium:appium:platformVersion":"18.0.1","appium:appium:udid":"00008020-00180924262A402E","appium:automationName":"XCUITest","appium:bundleId":"my.com.etiqa.ease.dev","appium:deviceId":"","appium:deviceName":"AT ipad","appium:newCommandTimeout":1800,"appium:noReset":"true","appium:platformName":"iOS","appium:platformVersion":"18.0.1","appium:udid":"00008020-00180924262A402E","appium:waitForAppScript":"true;","appium:wdaLocalPort":51539,"platformName":"IOS"}]},"desiredCapabilities":{"appium:appium:bundled":"my.com.etiqa.ease.dev","appium:appium:platformVersion":"18.0.1","appium:appium:udid":"00008020-00180924262A402E","appium:automationName":"XCUITest","appium:bundleId":"my.com.etiqa.ease.dev","appium:deviceId":"","appium:deviceName":"AT ipad","appium:newCommandTimeout":1800,"appium:noReset":"true","appium:platformName":"iOS","appium:platformVersion":"18.0.1","appium:udid":"00008020-00180924262A402E","appium:waitForAppScript":"t...
[38;5;123m[BaseDriver][0m Ignoring capability 'appium:platformName=iOS' and using capability 'platformName=IOS'
[38;5;123m[BaseDriver][0m The capabilities ["platformName"] are standard capabilities and do not require "appium:" prefix
[38;5;112m[Appium][0m Attempting to find matching driver for automationName 'XCUITest' and platformName 'IOS'
[38;5;112m[Appium][0m The 'xcuitest' driver was installed and matched caps.
[38;5;112m[Appium][0m Will require it at /Users/etiqaqa/.appium/node_modules/appium-xcuitest-driver
[38;5;104m[AppiumDriver@8a38][0m Appium v2.13.1 creating new XCUITestDriver (v7.35.0) session
[38;5;104m[AppiumDriver@8a38][0m Checking BaseDriver versions for Appium and XCUITestDriver
[38;5;104m[AppiumDriver@8a38][0m Appium's BaseDriver version is 9.13.1
[38;5;104m[AppiumDriver@8a38][0m XCUITestDriver's BaseDriver version is 9.13.1
[38;5;156m[XCUITestDriver@3895][0m Capability 'noReset' changed from string to boolean. This may cause unexpected behavior
[38;5;156m[XCUITestDriver@3895][0m The following provided capabilities were not recognized by this driver:
[38;5;156m[XCUITestDriver@3895][0m   bundled
[38;5;156m[XCUITestDriver@3895][0m   deviceId
[38;5;156m[XCUITestDriver@3895][0m   waitForAppScript
[38;5;34m[7319f23e][0m[38;5;156m[XCUITestDriver@3895][0m Session created with session id: 7319f23e-9cb9-4d5b-aa72-29e04730e6be
[38;5;34m[7319f23e][0m[38;5;156m[XCUITestDriver@3895][0m Determining device to run tests on: udid: '00008020-00180924262A402E', real device: true
[38;5;34m[7319f23e][0m[38;5;156m[XCUITestDriver@3895][0m Normalized platformVersion capability value '18.0.1' to '18.0'
[38;5;34m[7319f23e][0m[38;5;156m[XCUITestDriver@3895][0m Using WDA path: '/Users/etiqaqa/.appium/node_modules/appium-xcuitest-driver/node_modules/appium-webdriveragent'
[38;5;34m[7319f23e][0m[38;5;156m[XCUITestDriver@3895][0m Using WDA agent: '/Users/etiqaqa/.appium/node_modules/appium-xcuitest-driver/node_modules/appium-webdriveragent/WebDriverAgent.xcodeproj'
[38;5;34m[7319f23e][0m[38;5;156m[XCUITestDriver@3895][0m The pyidevice tool is not present in PATH. Skipping crash logs collection for real devices.
[38;5;34m[7319f23e][0m[38;5;156m[XCUITestDriver@3895][0m Setting up real device
[38;5;34m[7319f23e][0m[38;5;23m[DevCon Factory][0m Requesting connection for device 00008020-00180924262A402E on local port 51539, device port 51539
[38;5;34m[7319f23e][0m[38;5;23m[DevCon Factory][0m Successfully requested the connection for 00008020-00180924262A402E:51539
[38;5;34m[7319f23e][0m[38;5;151m[WD Proxy][0m socket hang up
[38;5;34m[7319f23e][0m[38;5;156m[XCUITestDriver@3895][0m Launching WebDriverAgent on the device
[38;5;34m[7319f23e][0m[38;5;156m[XCUITestDriver@3895][0m There is no need to perform the project cleanup. A fresh install has been detected
[38;5;34m[7319f23e][0m[38;5;156m[XCUITestDriver@3895][0m socket hang up
[38;5;34m[7319f23e][0m[38;5;156m[XCUITestDriver@3895][0m socket hang up
[38;5;34m[7319f23e][0m[38;5;156m[XCUITestDriver@3895][0m socket hang up
[38;5;34m[7319f23e][0m[38;5;156m[XCUITestDriver@3895][0m socket hang up
[38;5;34m[7319f23e][0m[38;5;156m[XCUITestDriver@3895][0m socket hang up
[38;5;34m[7319f23e][0m[38;5;156m[XCUITestDriver@3895][0m socket hang up
[38;5;34m[7319f23e][0m[38;5;156m[XCUITestDriver@3895][0m socket hang up
[38;5;34m[7319f23e][0m[38;5;156m[XCUITestDriver@3895][0m socket hang up
[38;5;34m[7319f23e][0m[38;5;156m[XCUITestDriver@3895][0m socket hang up
[38;5;34m[7319f23e][0m[38;5;156m[XCUITestDriver@3895][0m socket hang up
[38;5;34m[7319f23e][0m[38;5;156m[XCUITestDriver@3895][0m Determined the downstream protocol as 'W3C'
[38;5;34m[7319f23e][0m[38;5;156m[XCUITestDriver@3895][0m WDA session startup took 2516ms
[38;5;34m[7319f23e][0m[38;5;104m[AppiumDriver@8a38][0m New XCUITestDriver session created successfully, session 7319f23e-9cb9-4d5b-aa72-29e04730e6be added to master session list
[38;5;34m[7319f23e][0m[38;5;86m[HTTP][0m <-- POST /wd/hub/session 200 14109 ms - 578 
[38;5;86m[HTTP][0m [37m-->[39m [37mGET[39m [37m/wd/hub/status[39m {}
[38;5;86m[HTTP][0m <-- GET /wd/hub/status 200 1 ms - 200 
[38;5;34m[7319f23e][0m[38;5;86m[HTTP][0m [37m-->[39m [37mPOST[39m [37m/wd/hub/session/7319f23e-9cb9-4d5b-aa72-29e04730e6be/timeouts[39m {"implicit":60000}
[38;5;34m[7319f23e][0m[38;5;86m[HTTP][0m <-- POST /wd/hub/session/7319f23e-9cb9-4d5b-aa72-29e04730e6be/timeouts 200 2 ms - 14 
[38;5;34m[7319f23e][0m[38;5;86m[HTTP][0m [37m-->[39m [37mPOST[39m [37m/wd/hub/session/7319f23e-9cb9-4d5b-aa72-29e04730e6be/execute/sync[39m {"args":[],"script":"mobile: deviceScreenInfo"}
[38;5;34m[7319f23e][0m[38;5;86m[HTTP][0m <-- POST /wd/hub/session/7319f23e-9cb9-4d5b-aa72-29e04730e6be/execute/sync 200 371 ms - 105 
[38;5;34m[7319f23e][0m[38;5;86m[HTTP][0m [37m-->[39m [37mPOST[39m [37m/wd/hub/session/7319f23e-9cb9-4d5b-aa72-29e04730e6be/execute/sync[39m {"args":[],"script":"mobile: deviceScreenInfo"}
[38;5;34m[7319f23e][0m[38;5;86m[HTTP][0m <-- POST /wd/hub/session/7319f23e-9cb9-4d5b-aa72-29e04730e6be/execute/sync 200 9 ms - 105 
[38;5;34m[7319f23e][0m[38;5;86m[HTTP][0m [37m-->[39m [37mPOST[39m [37m/wd/hub/session/7319f23e-9cb9-4d5b-aa72-29e04730e6be/execute/sync[39m {"args":[{"appId":"my.com.etiqa.ease.dev","bundleId":"my.com.etiqa.ease.dev"}],"script":"mobile: activateApp"}
[38;5;34m[7319f23e][0m[38;5;123m[BaseDriver][0m The following script arguments are not known and will be ignored: appId
[38;5;34m[7319f23e][0m[38;5;86m[HTTP][0m <-- POST /wd/hub/session/7319f23e-9cb9-4d5b-aa72-29e04730e6be/execute/sync 200 76 ms - 14 
[38;5;34m[7319f23e][0m[38;5;86m[HTTP][0m [37m-->[39m [37mPOST[39m [37m/wd/hub/session/7319f23e-9cb9-4d5b-aa72-29e04730e6be/execute/sync[39m {"args":[{"format":"xml","excludedAttributes":"visible"}],"script":"mobile: source"}
[38;5;34m[7319f23e][0m[38;5;86m[HTTP][0m <-- POST /wd/hub/session/7319f23e-9cb9-4d5b-aa72-29e04730e6be/execute/sync 200 227 ms - 1574 
[38;5;34m[7319f23e][0m[38;5;86m[HTTP][0m [37m-->[39m [37mGET[39m [37m/wd/hub/session/7319f23e-9cb9-4d5b-aa72-29e04730e6be/screenshot[39m {}
[38;5;34m[7319f23e][0m[38;5;86m[HTTP][0m <-- GET /wd/hub/session/7319f23e-9cb9-4d5b-aa72-29e04730e6be/screenshot 200 325 ms - 504976 
[38;5;34m[7319f23e][0m[38;5;86m[HTTP][0m [37m-->[39m [37mPOST[39m [37m/wd/hub/session/7319f23e-9cb9-4d5b-aa72-29e04730e6be/execute/sync[39m {"args":[{"format":"xml","excludedAttributes":"visible"}],"script":"mobile: source"}
[38;5;34m[7319f23e][0m[38;5;173m[Xcode][0m ). Original error: Error Domain=com.apple.dt.xctest.automation-support.error Code=11 "Accessibility error kAXErrorInvalidUIElement from AXUIElementCopyMultipleAttributeValues for 2016" UserInfo={accessibility-error=-25202, NSLocalizedDescription=Accessibility error kAXErrorInvalidUIElement from AXUIElementCopyMultipleAttributeValues for 2016}
[38;5;34m[7319f23e][0m[38;5;173m[Xcode][0m 2025-01-26 12:36:36.217698+0800 WebDriverAgentRunner-Runner[8160:6382809] Cannot retrieve element attribute(s) (
[38;5;34m[7319f23e][0m[38;5;173m[Xcode][0m     "XC_kAXXCAttributeIsElement"
[38;5;34m[7319f23e][0m[38;5;173m[Xcode][0m ). Original error: Error Domain=com.apple.dt.xctest.automation-support.error Code=11 "Accessibility error kAXErrorInvalidUIElement from AXUIElementCopyMultipleAttributeValues for 2016" UserInfo={accessibility-error=-25202, NSLocalizedDescription=Accessibility error kAXErrorInvalidUIElement from AXUIElementCopyMultipleAttributeValues for 2016}
[38;5;34m[7319f23e][0m[38;5;173m[Xcode][0m 2025-01-26 12:36:36.226487+0800 WebDriverAgentRunner-Runner[8160:6382809] Cannot retrieve element attribute(s) (
[38;5;34m[7319f23e][0m[38;5;173m[Xcode][0m     "XC_kAXXCAttributeIsElement"
[38;5;34m[7319f23e][0m[38;5;173m[Xcode][0m ). Original error: Error Domain=com.apple.dt.xctest.automation-support.error Code=11 "Accessibility error kAXErrorInvalidUIElement from AXUIElementCopyMultipleAttributeValues for 2016" UserInfo={accessibility-error=-25202, NSLocalizedDescription=Accessibility error kAXErrorInvalidUIElement from AXUIElementCopyMultipleAttributeValues for 2016}
[38;5;34m[7319f23e][0m[38;5;173m[Xcode][0m 2025-01-26 12:36:36.235968+0800 WebDriverAgentRunner-Runner[8160:6382809] Cannot retrieve element attribute(s) (
[38;5;34m[7319f23e][0m[38;5;173m[Xcode][0m     "XC_kAXXCAttributeIsElement"
[38;5;34m[7319f23e][0m[38;5;173m[Xcode][0m ). Original error: Error Domain=com.apple.dt.xctest.automation-support.error Code=11 "Accessibility error kAXErrorInvalidUIElement from AXUIElementCopyMultipleAttributeValues for 2016" UserInfo={accessibility-error=-25202, NSLocalizedDescription=Accessibility error kAXErrorInvalidUIElement from AXUIElementCopyMultipleAttributeValues for 2016}
[38;5;34m[7319f23e][0m[38;5;173m[Xcode][0m 2025-01-26 12:36:36.257362+0800 WebDriverAgentRunner-Runner[8160:6382809] Cannot retrieve element attribute(s) (
[38;5;34m[7319f23e][0m[38;5;173m[Xcode][0m     "XC_kAXXCAttributeIsElement"
[38;5;34m[7319f23e][0m[38;5;173m[Xcode][0m ). Original error: Error Domain=com.apple.dt.xctest.automation-support.error Code=11 "Accessibility error kAXErrorInvalidUIElement from AXUIElementCopyMultipleAttributeValues for 2016" UserInfo={accessibility-error=-25202, NSLocalizedDescription=Accessibility error kAXErrorInvalidUIElement from AXUIElementCopyMultipleAttributeValues for 2016}
[38;5;34m[7319f23e][0m[38;5;173m[Xcode][0m 2025-01-26 12:36:36.269996+0800 WebDriverAgentRunner-Runner[8160:6382809] Cannot retrieve element attribute(s) (
[38;5;34m[7319f23e][0m[38;5;173m[Xcode][0m     "XC_kAXXCAttributeIsElement"
[38;5;34m[7319f23e][0m[38;5;173m[Xcode][0m ). Original error: Error Domain=com.apple.dt.xctest.automation-support.error Code=11 "Accessibility error kAXErrorInvalidUIElement from AXUIElementCopyMultipleAttributeValues for 2016" UserInfo={accessibility-error=-25202, NSLocalizedDescription=Accessibility error kAXErrorInvalidUIElement from AXUIElementCopyMultipleAttributeValues for 2016}
[38;5;34m[7319f23e][0m[38;5;173m[Xcode][0m 2025-01-26 12:36:36.284550+0800 WebDriverAgentRunner-Runner[8160:6382809] Cannot retrieve element attribute(s) (
[38;5;34m[7319f23e][0m[38;5;173m[Xcode][0m     "XC_kAXXCAttributeIsElement"
[38;5;34m[7319f23e][0m[38;5;173m[Xcode][0m ). Original error: Error Domain=com.apple.dt.xctest.automation-support.error Code=11 "Accessibility error kAXErrorInvalidUIElement from AXUIElementCopyMultipleAttributeValues for 2016" UserInfo={accessibility-error=-25202, NSLocalizedDescription=Accessibility error kAXErrorInvalidUIElement from AXUIElementCopyMultipleAttributeValues for 2016}
[38;5;34m[7319f23e][0m[38;5;173m[Xcode][0m 2025-01-26 12:36:36.300192+0800 WebDriverAgentRunner-Runner[8160:6382809] Cannot retrieve element attribute(s) (
[38;5;34m[7319f23e][0m[38;5;173m[Xcode][0m     "XC_kAXXCAttributeIsElement"
[38;5;34m[7319f23e][0m[38;5;173m[Xcode][0m ). Original error: Error Domain=com.apple.dt.xctest.automation-support.error Code=11 "Accessibility error kAXErrorInvalidUIElement from AXUIElementCopyMultipleAttributeValues for 2016" UserInfo={accessibility-error=-25202, NSLocalizedDescription=Accessibility error kAXErrorInvalidUIElement from AXUIElementCopyMultipleAttributeValues for 2016}
[38;5;34m[7319f23e][0m[38;5;173m[Xcode][0m 2025-01-26 12:36:36.310877+0800 WebDriverAgentRunner-Runner[8160:6382809] Cannot retrieve element attribute(s) (
[38;5;34m[7319f23e][0m[38;5;173m[Xcode][0m     "XC_kAXXCAttributeIsElement"
[38;5;34m[7319f23e][0m[38;5;173m[Xcode][0m ). Original error: Error Domain=com.apple.dt.xctest.automation-support.error Code=11 "Accessibility error kAXErrorInvalidUIElement from AXUIElementCopyMultipleAttributeValues for 2016" UserInfo={accessibility-error=-25202, NSLocalizedDescription=Accessibility error kAXErrorInvalidUIElement from AXUIElementCopyMultipleAttributeValues for 2016}
[38;5;34m[7319f23e][0m[38;5;173m[Xcode][0m 2025-01-26 12:36:36.320958+0800 WebDriverAgentRunner-Runner[8160:6382809] Cannot retrieve element attribute(s) (
[38;5;34m[7319f23e][0m[38;5;173m[Xcode][0m     "XC_kAXXCAttributeIsElement"
[38;5;34m[7319f23e][0m[38;5;173m[Xcode][0m ). Original error: Error Domain=com.apple.dt.xctest.automation-support.error Code=11 "Accessibility error kAXErrorInvalidUIElement from AXUIElementCopyMultipleAttributeValues for 2016" UserInfo={accessibility-error=-25202, NSLocalizedDescription=Accessibility error kAXErrorInvalidUIElement from AXUIElementCopyMultipleAttributeValues for 2016}
[38;5;34m[7319f23e][0m[38;5;173m[Xcode][0m 2025-01-26 12:36:36.329784+0800 WebDriverAgentRunner-Runner[8160:6382809] Cannot retrieve element attribute(s) (
[38;5;34m[7319f23e][0m[38;5;173m[Xcode][0m     "XC_kAXXCAttributeIsElement"
[38;5;34m[7319f23e][0m[38;5;173m[Xcode][0m ). Original error: Error Domain=com.apple.dt.xctest.automation-support.error Code=11 "Accessibility error kAXErrorInvalidUIElement from AXUIElementCopyMultipleAttributeValues for 2016" UserInfo={accessibility-error=-25202, NSLocalizedDescription=Accessibility error kAXErrorInvalidUIElement from AXUIElementCopyMultipleAttributeValues for 2016}
[38;5;34m[7319f23e][0m[38;5;173m[Xcode][0m 2025-01-26 12:36:36.445698+0800 WebDriverAgentRunner-Runner[8160:6382809] Cannot retrieve element attribute(s) (
[38;5;34m[7319f23e][0m[38;5;173m[Xcode][0m     "XC_kAXXCAttributeIsElement"
[38;5;34m[7319f23e][0m[38;5;173m[Xcode][0m ). Original error: Error Domain=com.apple.dt.xctest.automation-support.error Code=11 "Accessibility error kAXErrorInvalidUIElement from AXUIElementCopyMultipleAttributeValues for 2016" UserInfo={accessibility-error=-25202, NSLocalizedDescription=Accessibility error kAXErrorInvalidUIElement from AXUIElementCopyMultipleAttributeValues for 2016}
[38;5;34m[7319f23e][0m[38;5;173m[Xcode][0m 2025-01-26 12:36:36.461189+0800 WebDriverAgentRunner-Runner[8160:6382809] Cannot retrieve element attribute(s) (
[38;5;34m[7319f23e][0m[38;5;173m[Xcode][0m     "XC_kAXXCAttributeIsElement"
[38;5;34m[7319f23e][0m[38;5;173m[Xcode][0m ). Original error: Error Domain=com.apple.dt.xctest.automation-support.error Code=11 "Accessibility error kAXErrorInvalidUIElement from AXUIElementCopyMultipleAttributeValues for 2016" UserInfo={accessibility-error=-25202, NSLocalizedDescription=Accessibility error kAXErrorInvalidUIElement from AXUIElementCopyMultipleAttributeValues for 2016}
[38;5;34m[7319f23e][0m[38;5;173m[Xcode][0m 2025-01-26 12:36:36.474279+0800 WebDriverAgentRunner-Runner[8160:6382809] Cannot retrieve element attribute(s) (
[38;5;34m[7319f23e][0m[38;5;173m[Xcode][0m     "XC_kAXXCAttributeIsElement"
[38;5;34m[7319f23e][0m[38;5;173m[Xcode][0m ). Original error: Error Domain=com.apple.dt.xctest.automation-support.error Code=11 "Accessibility error kAXErrorInvalidUIElement from AXUIElementCopyMultipleAttributeValues for 2016" UserInfo={accessibility-error=-25202, NSLocalizedDescription=Accessibility error kAXErrorInvalidUIElement from AXUIElementCopyMultipleAttributeValues for 2016}
[38;5;34m[7319f23e][0m[38;5;173m[Xcode][0m 2025-01-26 12:36:36.483867+0800 WebDriverAgentRunner-Runner[8160:6382809] Cannot retrieve element attribute(s) (
[38;5;34m[7319f23e][0m[38;5;173m[Xcode][0m     "XC_kAXXCAttributeIsElement"
[38;5;34m[7319f23e][0m[38;5;173m[Xcode][0m ). Original error: Error Domain=com.apple.dt.xctest.automation-support.error Code=11 "Accessibility error kAXErrorInvalidUIElement from AXUIElementCopyMultipleAttributeValues for 2016" UserInfo={accessibility-error=-25202, NSLocalizedDescription=Accessibility error kAXErrorInvalidUIElement from AXUIElementCopyMultipleAttributeValues for 2016}
[38;5;34m[7319f23e][0m[38;5;173m[Xcode][0m 2025-01-26 12:36:36.493410+0800 WebDriverAgentRunner-Runner[8160:6382809] Cannot retrieve element attribute(s) (
[38;5;34m[7319f23e][0m[38;5;173m[Xcode][0m     "XC_kAXXCAttributeIsElement"
[38;5;34m[7319f23e][0m[38;5;173m[Xcode][0m ). Original error: Error Domain=com.apple.dt.xctest.automation-support.error Code=11 "Accessibility error kAXErrorInvalidUIElement from AXUIElementCopyMultipleAttributeValues for 2016" UserInfo={accessibility-error=-25202, NSLocalizedDescription=Accessibility error kAXErrorInvalidUIElement from AXUIElementCopyMultipleAttributeValues for 2016}
[38;5;34m[7319f23e][0m[38;5;173m[Xcode][0m 2025-01-26 12:36:36.502373+0800 WebDriverAgentRunner-Runner[8160:6382809] Cannot retrieve element attribute(s) (
[38;5;34m[7319f23e][0m[38;5;173m[Xcode][0m     "XC_kAXXCAttributeIsElement"
[38;5;34m[7319f23e][0m[38;5;173m[Xcode][0m ). Original error: Error Domain=com.apple.dt.xctest.automation-support.error Code=11 "Accessibility error kAXErrorInvalidUIElement from AXUIElementCopyMultipleAttributeValues for 2016" UserInfo={accessibility-error=-25202, NSLocalizedDescription=Accessibility error kAXErrorInvalidUIElement from AXUIElementCopyMultipleAttributeValues for 2016}
[38;5;34m[7319f23e][0m[38;5;173m[Xcode][0m 2025-01-26 12:36:36.513577+0800 WebDriverAgentRunner-Runner[8160:6382809] Cannot retrieve element attribute(s) (
[38;5;34m[7319f23e][0m[38;5;173m[Xcode][0m     "XC_kAXXCAttributeIsElement"
[38;5;34m[7319f23e][0m[38;5;173m[Xcode][0m ). Original error: Error Domain=com.apple.dt.xctest.automation-support.error Code=11 "Accessibility error kAXErrorInvalidUIElement from AXUIElementCopyMultipleAttributeValues for 2016" UserInfo={accessibility-error=-25202, NSLocalizedDescription=Accessibility error kAXErrorInvalidUIElement from AXUIElementCopyMultipleAttributeValues for 2016}
[38;5;34m[7319f23e][0m[38;5;173m[Xcode][0m 2025-01-26 12:36:36.526501+0800 WebDriverAgentRunner-Runner[8160:6382809] Cannot retrieve element attribute(s) (
[38;5;34m[7319f23e][0m[38;5;173m[Xcode][0m     "XC_kAXXCAttributeIsElement"
[38;5;34m[7319f23e][0m[38;5;173m[Xcode][0m ). Original error: Error Domain=com.apple.dt.xctest.automation-support.error Code=11 "Accessibility error kAXErrorInvalidUIElement from AXUIElementCopyMultipleAttributeValues for 2016" UserInfo={accessibility-error=-25202, NSLocalizedDescription=Accessibility error kAXErrorInvalidUIElement from AXUIElementCopyMultipleAttributeValues for 2016}
[38;5;34m[7319f23e][0m[38;5;173m[Xcode][0m 2025-01-26 12:36:36.550806+0800 WebDriverAgentRunner-Runner[8160:6382809] Cannot retrieve element attribute(s) (
[38;5;34m[7319f23e][0m[38;5;173m[Xcode][0m     "XC_kAXXCAttributeIsElement"
[38;5;34m[7319f23e][0m[38;5;173m[Xcode][0m ). Original error: Error Domain=com.apple.dt.xctest.automation-support.error Code=11 "Accessibility error kAXErrorInvalidUIElement from AXUIElementCopyMultipleAttributeValues for 2016" UserInfo={accessibility-error=-25202, NSLocalizedDescription=Accessibility error kAXErrorInvalidUIElement from AXUIElementCopyMultipleAttributeValues for 2016}
[38;5;34m[7319f23e][0m[38;5;86m[HTTP][0m <-- POST /wd/hub/session/7319f23e-9cb9-4d5b-aa72-29e04730e6be/execute/sync 200 5607 ms - 46768 
[38;5;34m[7319f23e][0m[38;5;86m[HTTP][0m [37m-->[39m [37mGET[39m [37m/wd/hub/session/7319f23e-9cb9-4d5b-aa72-29e04730e6be/screenshot[39m {}
[38;5;34m[7319f23e][0m[38;5;86m[HTTP][0m <-- GET /wd/hub/session/7319f23e-9cb9-4d5b-aa72-29e04730e6be/screenshot 200 225 ms - 471808 
[38;5;34m[7319f23e][0m[38;5;86m[HTTP][0m [37m-->[39m [37mPOST[39m [37m/wd/hub/session/7319f23e-9cb9-4d5b-aa72-29e04730e6be/execute/sync[39m {"args":[{"format":"xml","excludedAttributes":"visible"}],"script":"mobile: source"}
[38;5;34m[7319f23e][0m[38;5;173m[Xcode][0m 2025-01-26 12:36:42.974378+0800 WebDriverAgentRunner-Runner[8160:6382809] The following attributes were requested to be included into the XML: {(
[38;5;34m[7319f23e][0m[38;5;173m[Xcode][0m     FBValueAttribute,
[38;5;34m[7319f23e][0m[38;5;173m[Xcode][0m     FBWidthAttribute,
[38;5;34m[7319f23e][0m[38;5;173m[Xcode][0m     FBEnabledAttribute,
[38;5;34m[7319f23e][0m[38;5;173m[Xcode][0m     FBTypeAttribute,
[38;5;34m[7319f23e][0m[38;5;173m[Xcode][0m     FBYAttribute,
[38;5;34m[7319f23e][0m[38;5;173m[Xcode][0m     FBLabelAttribute,
[38;5;34m[7319f23e][0m[38;5;173m[Xcode][0m     FBIndexAttribute,
[38;5;34m[7319f23e][0m[38;5;173m[Xcode][0m     FBXAttribute,
[38;5;34m[7319f23e][0m[38;5;173m[Xcode][0m     FBNameAttribute,
[38;5;34m[7319f23e][0m[38;5;173m[Xcode][0m     FBHeightAttribute,
[38;5;34m[7319f23e][0m[38;5;173m[Xcode][0m     FBAccessibleAttribute
[38;5;34m[7319f23e][0m[38;5;173m[Xcode][0m )}
[38;5;34m[7319f23e][0m[38;5;173m[Xcode][0m     t =    32.83s Requesting snapshot of accessibility hierarchy for app with pid 8162
[38;5;34m[7319f23e][0m[38;5;86m[HTTP][0m <-- POST /wd/hub/session/7319f23e-9cb9-4d5b-aa72-29e04730e6be/execute/sync 200 2516 ms - 21328 
[38;5;34m[7319f23e][0m[38;5;86m[HTTP][0m [37m-->[39m [37mGET[39m [37m/wd/hub/session/7319f23e-9cb9-4d5b-aa72-29e04730e6be/screenshot[39m {}
[38;5;34m[7319f23e][0m[38;5;86m[HTTP][0m <-- GET /wd/hub/session/7319f23e-9cb9-4d5b-aa72-29e04730e6be/screenshot 200 182 ms - 206532 
[38;5;34m[7319f23e][0m[38;5;86m[HTTP][0m [37m-->[39m [37mDELETE[39m [37m/wd/hub/session/7319f23e-9cb9-4d5b-aa72-29e04730e6be[39m {}
[38;5;34m[7319f23e][0m[38;5;104m[AppiumDriver@8a38][0m Removing session 7319f23e-9cb9-4d5b-aa72-29e04730e6be from our master session list
[38;5;34m[7319f23e][0m[38;5;23m[DevCon Factory][0m Releasing connections for 00008020-00180924262A402E device on any port number
[38;5;34m[7319f23e][0m[38;5;23m[DevCon Factory][0m Found cached connections to release: ["00008020-00180924262A402E:51539"]
[38;5;34m[7319f23e][0m[38;5;23m[DevCon Factory][0m Releasing the listener for '00008020-00180924262A402E:51539'
[38;5;34m[7319f23e][0m[38;5;86m[HTTP][0m <-- DELETE /wd/hub/session/7319f23e-9cb9-4d5b-aa72-29e04730e6be 200 41 ms - 14 
[38;5;112m[Appium][0m Received SIGTERM - shutting down
[38;5;86m[HTTP][0m Closing Appium HTTP server
[38;5;86m[HTTP][0m Appium HTTP server has been succesfully closed after 1ms
